CRITICAL - 2023-02-08 09:47:03 --> Class "App\Controllers\UserModel" not found
in APPPATH\Controllers\Login.php on line 12.
 1 SYSTEMPATH\CodeIgniter.php(906): App\Controllers\Login->__construct()
 2 SYSTEMPATH\CodeIgniter.php(490): CodeIgniter\CodeIgniter->createController()
 3 SYSTEMPATH\CodeIgniter.php(368): CodeIgniter\CodeIgniter->handleRequest(null, Object(Config\Cache), false)
 4 FCPATH\index.php(67): CodeIgniter\CodeIgniter->run()
 5 SYSTEMPATH\Commands\Server\rewrite.php(47): require_once('FCPATH\\index.php')
CRITICAL - 2023-02-08 09:47:20 --> Class "App\Controllers\UserModel" not found
in APPPATH\Controllers\Login.php on line 12.
 1 SYSTEMPATH\CodeIgniter.php(906): App\Controllers\Login->__construct()
 2 SYSTEMPATH\CodeIgniter.php(490): CodeIgniter\CodeIgniter->createController()
 3 SYSTEMPATH\CodeIgniter.php(368): CodeIgniter\CodeIgniter->handleRequest(null, Object(Config\Cache), false)
 4 FCPATH\index.php(67): CodeIgniter\CodeIgniter->run()
 5 SYSTEMPATH\Commands\Server\rewrite.php(47): require_once('FCPATH\\index.php')
CRITICAL - 2023-02-08 09:48:08 --> Class "App\Controllers\UserModel" not found
in APPPATH\Controllers\Login.php on line 12.
 1 SYSTEMPATH\CodeIgniter.php(906): App\Controllers\Login->__construct()
 2 SYSTEMPATH\CodeIgniter.php(490): CodeIgniter\CodeIgniter->createController()
 3 SYSTEMPATH\CodeIgniter.php(368): CodeIgniter\CodeIgniter->handleRequest(null, Object(Config\Cache), false)
 4 FCPATH\index.php(67): CodeIgniter\CodeIgniter->run()
 5 SYSTEMPATH\Commands\Server\rewrite.php(47): require_once('FCPATH\\index.php')
CRITICAL - 2023-02-08 09:49:32 --> Call to undefined method App\Controllers\Login::vaildate()
in APPPATH\Controllers\Login.php on line 33.
 1 SYSTEMPATH\CodeIgniter.php(934): App\Controllers\Login->auth()
 2 SYSTEMPATH\CodeIgniter.php(499): CodeIgniter\CodeIgniter->runController(Object(App\Controllers\Login))
 3 SYSTEMPATH\CodeIgniter.php(368): CodeIgniter\CodeIgniter->handleRequest(null, Object(Config\Cache), false)
 4 FCPATH\index.php(67): CodeIgniter\CodeIgniter->run()
 5 SYSTEMPATH\Commands\Server\rewrite.php(47): require_once('FCPATH\\index.php')
CRITICAL - 2023-02-08 09:51:00 --> Call to undefined method App\Controllers\Login::vaildate()
in APPPATH\Controllers\Login.php on line 33.
 1 SYSTEMPATH\CodeIgniter.php(934): App\Controllers\Login->auth()
 2 SYSTEMPATH\CodeIgniter.php(499): CodeIgniter\CodeIgniter->runController(Object(App\Controllers\Login))
 3 SYSTEMPATH\CodeIgniter.php(368): CodeIgniter\CodeIgniter->handleRequest(null, Object(Config\Cache), false)
 4 FCPATH\index.php(67): CodeIgniter\CodeIgniter->run()
 5 SYSTEMPATH\Commands\Server\rewrite.php(47): require_once('FCPATH\\index.php')
CRITICAL - 2023-02-08 09:53:02 --> Undefined variable $usermodel
in APPPATH\Controllers\Login.php on line 36.
 1 APPPATH\Controllers\Login.php(36): CodeIgniter\Debug\Exceptions->errorHandler(2, 'Undefined variable $usermodel', 'APPPATH\\Controllers\\Login.php', 36)
 2 SYSTEMPATH\CodeIgniter.php(934): App\Controllers\Login->auth()
 3 SYSTEMPATH\CodeIgniter.php(499): CodeIgniter\CodeIgniter->runController(Object(App\Controllers\Login))
 4 SYSTEMPATH\CodeIgniter.php(368): CodeIgniter\CodeIgniter->handleRequest(null, Object(Config\Cache), false)
 5 FCPATH\index.php(67): CodeIgniter\CodeIgniter->run()
 6 SYSTEMPATH\Commands\Server\rewrite.php(47): require_once('FCPATH\\index.php')
CRITICAL - 2023-02-08 09:54:51 --> Undefined variable $model
in APPPATH\Controllers\Login.php on line 36.
 1 APPPATH\Controllers\Login.php(36): CodeIgniter\Debug\Exceptions->errorHandler(2, 'Undefined variable $model', 'APPPATH\\Controllers\\Login.php', 36)
 2 SYSTEMPATH\CodeIgniter.php(934): App\Controllers\Login->auth()
 3 SYSTEMPATH\CodeIgniter.php(499): CodeIgniter\CodeIgniter->runController(Object(App\Controllers\Login))
 4 SYSTEMPATH\CodeIgniter.php(368): CodeIgniter\CodeIgniter->handleRequest(null, Object(Config\Cache), false)
 5 FCPATH\index.php(67): CodeIgniter\CodeIgniter->run()
 6 SYSTEMPATH\Commands\Server\rewrite.php(47): require_once('FCPATH\\index.php')
CRITICAL - 2023-02-08 09:56:03 --> Undefined variable $model
in APPPATH\Controllers\Login.php on line 36.
 1 APPPATH\Controllers\Login.php(36): CodeIgniter\Debug\Exceptions->errorHandler(2, 'Undefined variable $model', 'APPPATH\\Controllers\\Login.php', 36)
 2 SYSTEMPATH\CodeIgniter.php(934): App\Controllers\Login->auth()
 3 SYSTEMPATH\CodeIgniter.php(499): CodeIgniter\CodeIgniter->runController(Object(App\Controllers\Login))
 4 SYSTEMPATH\CodeIgniter.php(368): CodeIgniter\CodeIgniter->handleRequest(null, Object(Config\Cache), false)
 5 FCPATH\index.php(67): CodeIgniter\CodeIgniter->run()
 6 SYSTEMPATH\Commands\Server\rewrite.php(47): require_once('FCPATH\\index.php')
ERROR - 2023-02-08 10:28:58 --> mysqli_sql_exception: Duplicate entry '0' for key 'PRIMARY' in C:\xampp\htdocs\daily_expences\system\Database\MySQLi\Connection.php:295
Stack trace:
#0 C:\xampp\htdocs\daily_expences\system\Database\MySQLi\Connection.php(295): mysqli->query('INSERT INTO `us...', 0)
#1 C:\xampp\htdocs\daily_expences\system\Database\BaseConnection.php(691): CodeIgniter\Database\MySQLi\Connection->execute('INSERT INTO `us...')
#2 C:\xampp\htdocs\daily_expences\system\Database\BaseConnection.php(605): CodeIgniter\Database\BaseConnection->simpleQuery('INSERT INTO `us...')
#3 C:\xampp\htdocs\daily_expences\system\Database\BaseBuilder.php(2295): CodeIgniter\Database\BaseConnection->query('INSERT INTO `us...', Array, false)
#4 C:\xampp\htdocs\daily_expences\system\Model.php(329): CodeIgniter\Database\BaseBuilder->insert()
#5 C:\xampp\htdocs\daily_expences\system\BaseModel.php(782): CodeIgniter\Model->doInsert(Array)
#6 C:\xampp\htdocs\daily_expences\system\Model.php(729): CodeIgniter\BaseModel->insert(Array, true)
#7 C:\xampp\htdocs\daily_expences\app\Database\Seeds\Users.php(30): CodeIgniter\Model->insert(Array)
#8 C:\xampp\htdocs\daily_expences\system\Database\Seeder.php(146): App\Database\Seeds\Users->run()
#9 C:\xampp\htdocs\daily_expences\system\Commands\Database\Seed.php(77): CodeIgniter\Database\Seeder->call('App\\Database\\Se...')
#10 C:\xampp\htdocs\daily_expences\system\CLI\Commands.php(65): CodeIgniter\Commands\Database\Seed->run(Array)
#11 C:\xampp\htdocs\daily_expences\system\CLI\Console.php(37): CodeIgniter\CLI\Commands->run('db:seed', Array)
#12 C:\xampp\htdocs\daily_expences\spark(97): CodeIgniter\CLI\Console->run()
#13 {main}
ERROR - 2023-02-08 10:37:58 --> mysqli_sql_exception: Duplicate entry '0' for key 'PRIMARY' in C:\xampp\htdocs\daily_expences\system\Database\MySQLi\Connection.php:295
Stack trace:
#0 C:\xampp\htdocs\daily_expences\system\Database\MySQLi\Connection.php(295): mysqli->query('INSERT INTO `us...', 0)
#1 C:\xampp\htdocs\daily_expences\system\Database\BaseConnection.php(691): CodeIgniter\Database\MySQLi\Connection->execute('INSERT INTO `us...')
#2 C:\xampp\htdocs\daily_expences\system\Database\BaseConnection.php(605): CodeIgniter\Database\BaseConnection->simpleQuery('INSERT INTO `us...')
#3 C:\xampp\htdocs\daily_expences\system\Database\BaseBuilder.php(2295): CodeIgniter\Database\BaseConnection->query('INSERT INTO `us...', Array, false)
#4 C:\xampp\htdocs\daily_expences\system\Model.php(329): CodeIgniter\Database\BaseBuilder->insert()
#5 C:\xampp\htdocs\daily_expences\system\BaseModel.php(782): CodeIgniter\Model->doInsert(Array)
#6 C:\xampp\htdocs\daily_expences\system\Model.php(729): CodeIgniter\BaseModel->insert(Array, true)
#7 C:\xampp\htdocs\daily_expences\app\Database\Seeds\Users.php(31): CodeIgniter\Model->insert(Array)
#8 C:\xampp\htdocs\daily_expences\system\Database\Seeder.php(146): App\Database\Seeds\Users->run()
#9 C:\xampp\htdocs\daily_expences\system\Commands\Database\Seed.php(77): CodeIgniter\Database\Seeder->call('App\\Database\\Se...')
#10 C:\xampp\htdocs\daily_expences\system\CLI\Commands.php(65): CodeIgniter\Commands\Database\Seed->run(Array)
#11 C:\xampp\htdocs\daily_expences\system\CLI\Console.php(37): CodeIgniter\CLI\Commands->run('db:seed', Array)
#12 C:\xampp\htdocs\daily_expences\spark(97): CodeIgniter\CLI\Console->run()
#13 {main}
ERROR - 2023-02-08 10:40:33 --> mysqli_sql_exception: Duplicate entry '0' for key 'PRIMARY' in C:\xampp\htdocs\daily_expences\system\Database\MySQLi\Connection.php:295
Stack trace:
#0 C:\xampp\htdocs\daily_expences\system\Database\MySQLi\Connection.php(295): mysqli->query('INSERT INTO `us...', 0)
#1 C:\xampp\htdocs\daily_expences\system\Database\BaseConnection.php(691): CodeIgniter\Database\MySQLi\Connection->execute('INSERT INTO `us...')
#2 C:\xampp\htdocs\daily_expences\system\Database\BaseConnection.php(605): CodeIgniter\Database\BaseConnection->simpleQuery('INSERT INTO `us...')
#3 C:\xampp\htdocs\daily_expences\system\Database\BaseBuilder.php(2295): CodeIgniter\Database\BaseConnection->query('INSERT INTO `us...', Array, false)
#4 C:\xampp\htdocs\daily_expences\system\Model.php(329): CodeIgniter\Database\BaseBuilder->insert()
#5 C:\xampp\htdocs\daily_expences\system\BaseModel.php(782): CodeIgniter\Model->doInsert(Array)
#6 C:\xampp\htdocs\daily_expences\system\Model.php(729): CodeIgniter\BaseModel->insert(Array, true)
#7 C:\xampp\htdocs\daily_expences\app\Database\Seeds\Users.php(20): CodeIgniter\Model->insert(Array)
#8 C:\xampp\htdocs\daily_expences\system\Database\Seeder.php(146): App\Database\Seeds\Users->run()
#9 C:\xampp\htdocs\daily_expences\system\Commands\Database\Seed.php(77): CodeIgniter\Database\Seeder->call('App\\Database\\Se...')
#10 C:\xampp\htdocs\daily_expences\system\CLI\Commands.php(65): CodeIgniter\Commands\Database\Seed->run(Array)
#11 C:\xampp\htdocs\daily_expences\system\CLI\Console.php(37): CodeIgniter\CLI\Commands->run('db:seed', Array)
#12 C:\xampp\htdocs\daily_expences\spark(97): CodeIgniter\CLI\Console->run()
#13 {main}
ERROR - 2023-02-08 10:41:32 --> mysqli_sql_exception: Duplicate entry '0' for key 'PRIMARY' in C:\xampp\htdocs\daily_expences\system\Database\MySQLi\Connection.php:295
Stack trace:
#0 C:\xampp\htdocs\daily_expences\system\Database\MySQLi\Connection.php(295): mysqli->query('INSERT INTO `us...', 0)
#1 C:\xampp\htdocs\daily_expences\system\Database\BaseConnection.php(691): CodeIgniter\Database\MySQLi\Connection->execute('INSERT INTO `us...')
#2 C:\xampp\htdocs\daily_expences\system\Database\BaseConnection.php(605): CodeIgniter\Database\BaseConnection->simpleQuery('INSERT INTO `us...')
#3 C:\xampp\htdocs\daily_expences\system\Database\BaseBuilder.php(2295): CodeIgniter\Database\BaseConnection->query('INSERT INTO `us...', Array, false)
#4 C:\xampp\htdocs\daily_expences\system\Model.php(329): CodeIgniter\Database\BaseBuilder->insert()
#5 C:\xampp\htdocs\daily_expences\system\BaseModel.php(782): CodeIgniter\Model->doInsert(Array)
#6 C:\xampp\htdocs\daily_expences\system\Model.php(729): CodeIgniter\BaseModel->insert(Array, true)
#7 C:\xampp\htdocs\daily_expences\app\Database\Seeds\Users.php(32): CodeIgniter\Model->insert(Array)
#8 C:\xampp\htdocs\daily_expences\system\Database\Seeder.php(146): App\Database\Seeds\Users->run()
#9 C:\xampp\htdocs\daily_expences\system\Commands\Database\Seed.php(77): CodeIgniter\Database\Seeder->call('App\\Database\\Se...')
#10 C:\xampp\htdocs\daily_expences\system\CLI\Commands.php(65): CodeIgniter\Commands\Database\Seed->run(Array)
#11 C:\xampp\htdocs\daily_expences\system\CLI\Console.php(37): CodeIgniter\CLI\Commands->run('db:seed', Array)
#12 C:\xampp\htdocs\daily_expences\spark(97): CodeIgniter\CLI\Console->run()
#13 {main}
ERROR - 2023-02-08 10:42:24 --> mysqli_sql_exception: Duplicate entry '0' for key 'PRIMARY' in C:\xampp\htdocs\daily_expences\system\Database\MySQLi\Connection.php:295
Stack trace:
#0 C:\xampp\htdocs\daily_expences\system\Database\MySQLi\Connection.php(295): mysqli->query('INSERT INTO `us...', 0)
#1 C:\xampp\htdocs\daily_expences\system\Database\BaseConnection.php(691): CodeIgniter\Database\MySQLi\Connection->execute('INSERT INTO `us...')
#2 C:\xampp\htdocs\daily_expences\system\Database\BaseConnection.php(605): CodeIgniter\Database\BaseConnection->simpleQuery('INSERT INTO `us...')
#3 C:\xampp\htdocs\daily_expences\system\Database\BaseBuilder.php(2295): CodeIgniter\Database\BaseConnection->query('INSERT INTO `us...', Array, false)
#4 C:\xampp\htdocs\daily_expences\system\Model.php(329): CodeIgniter\Database\BaseBuilder->insert()
#5 C:\xampp\htdocs\daily_expences\system\BaseModel.php(782): CodeIgniter\Model->doInsert(Array)
#6 C:\xampp\htdocs\daily_expences\system\Model.php(729): CodeIgniter\BaseModel->insert(Array, true)
#7 C:\xampp\htdocs\daily_expences\app\Database\Seeds\Users.php(32): CodeIgniter\Model->insert(Array)
#8 C:\xampp\htdocs\daily_expences\system\Database\Seeder.php(146): App\Database\Seeds\Users->run()
#9 C:\xampp\htdocs\daily_expences\system\Commands\Database\Seed.php(77): CodeIgniter\Database\Seeder->call('App\\Database\\Se...')
#10 C:\xampp\htdocs\daily_expences\system\CLI\Commands.php(65): CodeIgniter\Commands\Database\Seed->run(Array)
#11 C:\xampp\htdocs\daily_expences\system\CLI\Console.php(37): CodeIgniter\CLI\Commands->run('db:seed', Array)
#12 C:\xampp\htdocs\daily_expences\spark(97): CodeIgniter\CLI\Console->run()
#13 {main}
ERROR - 2023-02-08 10:42:57 --> mysqli_sql_exception: Duplicate entry '0' for key 'PRIMARY' in C:\xampp\htdocs\daily_expences\system\Database\MySQLi\Connection.php:295
Stack trace:
#0 C:\xampp\htdocs\daily_expences\system\Database\MySQLi\Connection.php(295): mysqli->query('INSERT INTO `us...', 0)
#1 C:\xampp\htdocs\daily_expences\system\Database\BaseConnection.php(691): CodeIgniter\Database\MySQLi\Connection->execute('INSERT INTO `us...')
#2 C:\xampp\htdocs\daily_expences\system\Database\BaseConnection.php(605): CodeIgniter\Database\BaseConnection->simpleQuery('INSERT INTO `us...')
#3 C:\xampp\htdocs\daily_expences\system\Database\BaseBuilder.php(2295): CodeIgniter\Database\BaseConnection->query('INSERT INTO `us...', Array, false)
#4 C:\xampp\htdocs\daily_expences\system\Model.php(329): CodeIgniter\Database\BaseBuilder->insert()
#5 C:\xampp\htdocs\daily_expences\system\BaseModel.php(782): CodeIgniter\Model->doInsert(Array)
#6 C:\xampp\htdocs\daily_expences\system\Model.php(729): CodeIgniter\BaseModel->insert(Array, true)
#7 C:\xampp\htdocs\daily_expences\app\Database\Seeds\Users.php(32): CodeIgniter\Model->insert(Array)
#8 C:\xampp\htdocs\daily_expences\system\Database\Seeder.php(146): App\Database\Seeds\Users->run()
#9 C:\xampp\htdocs\daily_expences\system\Commands\Database\Seed.php(77): CodeIgniter\Database\Seeder->call('App\\Database\\Se...')
#10 C:\xampp\htdocs\daily_expences\system\CLI\Commands.php(65): CodeIgniter\Commands\Database\Seed->run(Array)
#11 C:\xampp\htdocs\daily_expences\system\CLI\Console.php(37): CodeIgniter\CLI\Commands->run('db:seed', Array)
#12 C:\xampp\htdocs\daily_expences\spark(97): CodeIgniter\CLI\Console->run()
#13 {main}
ERROR - 2023-02-08 10:43:35 --> mysqli_sql_exception: Duplicate entry '0' for key 'PRIMARY' in C:\xampp\htdocs\daily_expences\system\Database\MySQLi\Connection.php:295
Stack trace:
#0 C:\xampp\htdocs\daily_expences\system\Database\MySQLi\Connection.php(295): mysqli->query('INSERT INTO `us...', 0)
#1 C:\xampp\htdocs\daily_expences\system\Database\BaseConnection.php(691): CodeIgniter\Database\MySQLi\Connection->execute('INSERT INTO `us...')
#2 C:\xampp\htdocs\daily_expences\system\Database\BaseConnection.php(605): CodeIgniter\Database\BaseConnection->simpleQuery('INSERT INTO `us...')
#3 C:\xampp\htdocs\daily_expences\system\Database\BaseBuilder.php(2295): CodeIgniter\Database\BaseConnection->query('INSERT INTO `us...', Array, false)
#4 C:\xampp\htdocs\daily_expences\system\Model.php(329): CodeIgniter\Database\BaseBuilder->insert()
#5 C:\xampp\htdocs\daily_expences\system\BaseModel.php(782): CodeIgniter\Model->doInsert(Array)
#6 C:\xampp\htdocs\daily_expences\system\Model.php(729): CodeIgniter\BaseModel->insert(Array, true)
#7 C:\xampp\htdocs\daily_expences\app\Database\Seeds\Users.php(20): CodeIgniter\Model->insert(Array)
#8 C:\xampp\htdocs\daily_expences\system\Database\Seeder.php(146): App\Database\Seeds\Users->run()
#9 C:\xampp\htdocs\daily_expences\system\Commands\Database\Seed.php(77): CodeIgniter\Database\Seeder->call('App\\Database\\Se...')
#10 C:\xampp\htdocs\daily_expences\system\CLI\Commands.php(65): CodeIgniter\Commands\Database\Seed->run(Array)
#11 C:\xampp\htdocs\daily_expences\system\CLI\Console.php(37): CodeIgniter\CLI\Commands->run('db:seed', Array)
#12 C:\xampp\htdocs\daily_expences\spark(97): CodeIgniter\CLI\Console->run()
#13 {main}
ERROR - 2023-02-08 10:44:11 --> mysqli_sql_exception: Duplicate entry '0' for key 'PRIMARY' in C:\xampp\htdocs\daily_expences\system\Database\MySQLi\Connection.php:295
Stack trace:
#0 C:\xampp\htdocs\daily_expences\system\Database\MySQLi\Connection.php(295): mysqli->query('INSERT INTO `us...', 0)
#1 C:\xampp\htdocs\daily_expences\system\Database\BaseConnection.php(691): CodeIgniter\Database\MySQLi\Connection->execute('INSERT INTO `us...')
#2 C:\xampp\htdocs\daily_expences\system\Database\BaseConnection.php(605): CodeIgniter\Database\BaseConnection->simpleQuery('INSERT INTO `us...')
#3 C:\xampp\htdocs\daily_expences\system\Database\BaseBuilder.php(2295): CodeIgniter\Database\BaseConnection->query('INSERT INTO `us...', Array, false)
#4 C:\xampp\htdocs\daily_expences\system\Model.php(329): CodeIgniter\Database\BaseBuilder->insert()
#5 C:\xampp\htdocs\daily_expences\system\BaseModel.php(782): CodeIgniter\Model->doInsert(Array)
#6 C:\xampp\htdocs\daily_expences\system\Model.php(729): CodeIgniter\BaseModel->insert(Array, true)
#7 C:\xampp\htdocs\daily_expences\app\Database\Seeds\Users.php(32): CodeIgniter\Model->insert(Array)
#8 C:\xampp\htdocs\daily_expences\system\Database\Seeder.php(146): App\Database\Seeds\Users->run()
#9 C:\xampp\htdocs\daily_expences\system\Commands\Database\Seed.php(77): CodeIgniter\Database\Seeder->call('App\\Database\\Se...')
#10 C:\xampp\htdocs\daily_expences\system\CLI\Commands.php(65): CodeIgniter\Commands\Database\Seed->run(Array)
#11 C:\xampp\htdocs\daily_expences\system\CLI\Console.php(37): CodeIgniter\CLI\Commands->run('db:seed', Array)
#12 C:\xampp\htdocs\daily_expences\spark(97): CodeIgniter\CLI\Console->run()
#13 {main}
ERROR - 2023-02-08 10:44:45 --> mysqli_sql_exception: Duplicate entry '0' for key 'PRIMARY' in C:\xampp\htdocs\daily_expences\system\Database\MySQLi\Connection.php:295
Stack trace:
#0 C:\xampp\htdocs\daily_expences\system\Database\MySQLi\Connection.php(295): mysqli->query('INSERT INTO `us...', 0)
#1 C:\xampp\htdocs\daily_expences\system\Database\BaseConnection.php(691): CodeIgniter\Database\MySQLi\Connection->execute('INSERT INTO `us...')
#2 C:\xampp\htdocs\daily_expences\system\Database\BaseConnection.php(605): CodeIgniter\Database\BaseConnection->simpleQuery('INSERT INTO `us...')
#3 C:\xampp\htdocs\daily_expences\system\Database\BaseBuilder.php(2295): CodeIgniter\Database\BaseConnection->query('INSERT INTO `us...', Array, false)
#4 C:\xampp\htdocs\daily_expences\system\Model.php(329): CodeIgniter\Database\BaseBuilder->insert()
#5 C:\xampp\htdocs\daily_expences\system\BaseModel.php(782): CodeIgniter\Model->doInsert(Array)
#6 C:\xampp\htdocs\daily_expences\system\Model.php(729): CodeIgniter\BaseModel->insert(Array, true)
#7 C:\xampp\htdocs\daily_expences\app\Database\Seeds\Users.php(32): CodeIgniter\Model->insert(Array)
#8 C:\xampp\htdocs\daily_expences\system\Database\Seeder.php(146): App\Database\Seeds\Users->run()
#9 C:\xampp\htdocs\daily_expences\system\Commands\Database\Seed.php(77): CodeIgniter\Database\Seeder->call('App\\Database\\Se...')
#10 C:\xampp\htdocs\daily_expences\system\CLI\Commands.php(65): CodeIgniter\Commands\Database\Seed->run(Array)
#11 C:\xampp\htdocs\daily_expences\system\CLI\Console.php(37): CodeIgniter\CLI\Commands->run('db:seed', Array)
#12 C:\xampp\htdocs\daily_expences\spark(97): CodeIgniter\CLI\Console->run()
#13 {main}
ERROR - 2023-02-08 10:47:19 --> mysqli_sql_exception: Duplicate entry '0' for key 'PRIMARY' in C:\xampp\htdocs\daily_expences\system\Database\MySQLi\Connection.php:295
Stack trace:
#0 C:\xampp\htdocs\daily_expences\system\Database\MySQLi\Connection.php(295): mysqli->query('INSERT INTO `us...', 0)
#1 C:\xampp\htdocs\daily_expences\system\Database\BaseConnection.php(691): CodeIgniter\Database\MySQLi\Connection->execute('INSERT INTO `us...')
#2 C:\xampp\htdocs\daily_expences\system\Database\BaseConnection.php(605): CodeIgniter\Database\BaseConnection->simpleQuery('INSERT INTO `us...')
#3 C:\xampp\htdocs\daily_expences\system\Database\BaseBuilder.php(2295): CodeIgniter\Database\BaseConnection->query('INSERT INTO `us...', Array, false)
#4 C:\xampp\htdocs\daily_expences\system\Model.php(329): CodeIgniter\Database\BaseBuilder->insert()
#5 C:\xampp\htdocs\daily_expences\system\BaseModel.php(782): CodeIgniter\Model->doInsert(Array)
#6 C:\xampp\htdocs\daily_expences\system\Model.php(729): CodeIgniter\BaseModel->insert(Array, true)
#7 C:\xampp\htdocs\daily_expences\app\Database\Seeds\Users.php(32): CodeIgniter\Model->insert(Array)
#8 C:\xampp\htdocs\daily_expences\system\Database\Seeder.php(146): App\Database\Seeds\Users->run()
#9 C:\xampp\htdocs\daily_expences\system\Commands\Database\Seed.php(77): CodeIgniter\Database\Seeder->call('App\\Database\\Se...')
#10 C:\xampp\htdocs\daily_expences\system\CLI\Commands.php(65): CodeIgniter\Commands\Database\Seed->run(Array)
#11 C:\xampp\htdocs\daily_expences\system\CLI\Console.php(37): CodeIgniter\CLI\Commands->run('db:seed', Array)
#12 C:\xampp\htdocs\daily_expences\spark(97): CodeIgniter\CLI\Console->run()
#13 {main}
CRITICAL - 2023-02-08 10:59:41 --> Undefined variable $error
in APPPATH\Controllers\Login.php on line 50.
 1 APPPATH\Controllers\Login.php(50): CodeIgniter\Debug\Exceptions->errorHandler(2, 'Undefined variable $error', 'APPPATH\\Controllers\\Login.php', 50)
 2 SYSTEMPATH\CodeIgniter.php(934): App\Controllers\Login->auth()
 3 SYSTEMPATH\CodeIgniter.php(499): CodeIgniter\CodeIgniter->runController(Object(App\Controllers\Login))
 4 SYSTEMPATH\CodeIgniter.php(368): CodeIgniter\CodeIgniter->handleRequest(null, Object(Config\Cache), false)
 5 FCPATH\index.php(67): CodeIgniter\CodeIgniter->run()
 6 SYSTEMPATH\Commands\Server\rewrite.php(47): require_once('FCPATH\\index.php')
