CRITICAL - 2023-02-07 10:02:42 --> syntax error, unexpected token "if"
in APPPATH\Config\Routes.php on line 48.
 1 SYSTEMPATH\CodeIgniter.php(802): CodeIgniter\Router\RouteCollection->loadRoutes()
 2 SYSTEMPATH\CodeIgniter.php(449): CodeIgniter\CodeIgniter->tryToRouteIt(null)
 3 SYSTEMPATH\CodeIgniter.php(368): CodeIgniter\CodeIgniter->handleRequest(null, Object(Config\Cache), false)
 4 FCPATH\index.php(67): CodeIgniter\CodeIgniter->run()
 5 SYSTEMPATH\Commands\Server\rewrite.php(47): require_once('FCPATH\\index.php')
CRITICAL - 2023-02-07 10:02:47 --> syntax error, unexpected token "if"
in APPPATH\Config\Routes.php on line 48.
 1 SYSTEMPATH\CodeIgniter.php(802): CodeIgniter\Router\RouteCollection->loadRoutes()
 2 SYSTEMPATH\CodeIgniter.php(449): CodeIgniter\CodeIgniter->tryToRouteIt(null)
 3 SYSTEMPATH\CodeIgniter.php(368): CodeIgniter\CodeIgniter->handleRequest(null, Object(Config\Cache), false)
 4 FCPATH\index.php(67): CodeIgniter\CodeIgniter->run()
 5 SYSTEMPATH\Commands\Server\rewrite.php(47): require_once('FCPATH\\index.php')
CRITICAL - 2023-02-07 10:02:49 --> syntax error, unexpected token "if"
in APPPATH\Config\Routes.php on line 48.
 1 SYSTEMPATH\CodeIgniter.php(802): CodeIgniter\Router\RouteCollection->loadRoutes()
 2 SYSTEMPATH\CodeIgniter.php(449): CodeIgniter\CodeIgniter->tryToRouteIt(null)
 3 SYSTEMPATH\CodeIgniter.php(368): CodeIgniter\CodeIgniter->handleRequest(null, Object(Config\Cache), false)
 4 FCPATH\index.php(67): CodeIgniter\CodeIgniter->run()
 5 SYSTEMPATH\Commands\Server\rewrite.php(47): require_once('FCPATH\\index.php')
CRITICAL - 2023-02-07 10:03:23 --> syntax error, unexpected token "if"
in APPPATH\Config\Routes.php on line 48.
 1 SYSTEMPATH\CodeIgniter.php(802): CodeIgniter\Router\RouteCollection->loadRoutes()
 2 SYSTEMPATH\CodeIgniter.php(449): CodeIgniter\CodeIgniter->tryToRouteIt(null)
 3 SYSTEMPATH\CodeIgniter.php(368): CodeIgniter\CodeIgniter->handleRequest(null, Object(Config\Cache), false)
 4 FCPATH\index.php(67): CodeIgniter\CodeIgniter->run()
 5 SYSTEMPATH\Commands\Server\rewrite.php(47): require_once('FCPATH\\index.php')
CRITICAL - 2023-02-07 10:06:22 --> syntax error, unexpected token "if"
in APPPATH\Config\Routes.php on line 48.
 1 SYSTEMPATH\CodeIgniter.php(802): CodeIgniter\Router\RouteCollection->loadRoutes()
 2 SYSTEMPATH\CodeIgniter.php(449): CodeIgniter\CodeIgniter->tryToRouteIt(null)
 3 SYSTEMPATH\CodeIgniter.php(368): CodeIgniter\CodeIgniter->handleRequest(null, Object(Config\Cache), false)
 4 FCPATH\index.php(67): CodeIgniter\CodeIgniter->run()
 5 SYSTEMPATH\Commands\Server\rewrite.php(47): require_once('FCPATH\\index.php')
CRITICAL - 2023-02-07 11:09:12 --> Undefined variable $validation
in APPPATH\Controllers\Login.php on line 24.
 1 APPPATH\Controllers\Login.php(24): CodeIgniter\Debug\Exceptions->errorHandler(2, 'Undefined variable $validation', 'APPPATH\\Controllers\\Login.php', 24)
 2 SYSTEMPATH\CodeIgniter.php(934): App\Controllers\Login->verify_login()
 3 SYSTEMPATH\CodeIgniter.php(499): CodeIgniter\CodeIgniter->runController(Object(App\Controllers\Login))
 4 SYSTEMPATH\CodeIgniter.php(368): CodeIgniter\CodeIgniter->handleRequest(null, Object(Config\Cache), false)
 5 FCPATH\index.php(67): CodeIgniter\CodeIgniter->run()
 6 SYSTEMPATH\Commands\Server\rewrite.php(47): require_once('FCPATH\\index.php')
CRITICAL - 2023-02-07 11:11:31 --> Undefined variable $validation
in APPPATH\Controllers\Login.php on line 24.
 1 APPPATH\Controllers\Login.php(24): CodeIgniter\Debug\Exceptions->errorHandler(2, 'Undefined variable $validation', 'APPPATH\\Controllers\\Login.php', 24)
 2 SYSTEMPATH\CodeIgniter.php(934): App\Controllers\Login->verify_login()
 3 SYSTEMPATH\CodeIgniter.php(499): CodeIgniter\CodeIgniter->runController(Object(App\Controllers\Login))
 4 SYSTEMPATH\CodeIgniter.php(368): CodeIgniter\CodeIgniter->handleRequest(null, Object(Config\Cache), false)
 5 FCPATH\index.php(67): CodeIgniter\CodeIgniter->run()
 6 SYSTEMPATH\Commands\Server\rewrite.php(47): require_once('FCPATH\\index.php')
CRITICAL - 2023-02-07 11:14:48 --> CodeIgniter\Controller::validate(): Argument #2 ($messages) must be of type array, string given, called in C:\xampp\htdocs\daily_expences\app\Controllers\Login.php on line 25
in SYSTEMPATH\Controller.php on line 136.
 1 APPPATH\Controllers\Login.php(25): CodeIgniter\Controller->validate([...], 'login')
 2 SYSTEMPATH\CodeIgniter.php(934): App\Controllers\Login->verify_login()
 3 SYSTEMPATH\CodeIgniter.php(499): CodeIgniter\CodeIgniter->runController(Object(App\Controllers\Login))
 4 SYSTEMPATH\CodeIgniter.php(368): CodeIgniter\CodeIgniter->handleRequest(null, Object(Config\Cache), false)
 5 FCPATH\index.php(67): CodeIgniter\CodeIgniter->run()
 6 SYSTEMPATH\Commands\Server\rewrite.php(47): require_once('FCPATH\\index.php')
CRITICAL - 2023-02-07 11:15:09 --> CodeIgniter\Controller::validate(): Argument #2 ($messages) must be of type array, string given, called in C:\xampp\htdocs\daily_expences\app\Controllers\Login.php on line 25
in SYSTEMPATH\Controller.php on line 136.
 1 APPPATH\Controllers\Login.php(25): CodeIgniter\Controller->validate([...], 'login')
 2 SYSTEMPATH\CodeIgniter.php(934): App\Controllers\Login->verify_login()
 3 SYSTEMPATH\CodeIgniter.php(499): CodeIgniter\CodeIgniter->runController(Object(App\Controllers\Login))
 4 SYSTEMPATH\CodeIgniter.php(368): CodeIgniter\CodeIgniter->handleRequest(null, Object(Config\Cache), false)
 5 FCPATH\index.php(67): CodeIgniter\CodeIgniter->run()
 6 SYSTEMPATH\Commands\Server\rewrite.php(47): require_once('FCPATH\\index.php')
CRITICAL - 2023-02-07 11:23:40 --> Too few arguments to function CodeIgniter\Validation\Validation::__construct(), 0 passed in C:\xampp\htdocs\daily_expences\app\Controllers\Login.php on line 18 and exactly 2 expected
in SYSTEMPATH\Validation\Validation.php on line 93.
 1 APPPATH\Controllers\Login.php(18): CodeIgniter\Validation\Validation->__construct()
 2 SYSTEMPATH\CodeIgniter.php(934): App\Controllers\Login->verify_login()
 3 SYSTEMPATH\CodeIgniter.php(499): CodeIgniter\CodeIgniter->runController(Object(App\Controllers\Login))
 4 SYSTEMPATH\CodeIgniter.php(368): CodeIgniter\CodeIgniter->handleRequest(null, Object(Config\Cache), false)
 5 FCPATH\index.php(67): CodeIgniter\CodeIgniter->run()
 6 SYSTEMPATH\Commands\Server\rewrite.php(47): require_once('FCPATH\\index.php')
CRITICAL - 2023-02-07 11:25:21 --> Too few arguments to function CodeIgniter\Validation\Validation::__construct(), 0 passed in C:\xampp\htdocs\daily_expences\app\Controllers\Login.php on line 18 and exactly 2 expected
in SYSTEMPATH\Validation\Validation.php on line 93.
 1 APPPATH\Controllers\Login.php(18): CodeIgniter\Validation\Validation->__construct()
 2 SYSTEMPATH\CodeIgniter.php(934): App\Controllers\Login->verify_login()
 3 SYSTEMPATH\CodeIgniter.php(499): CodeIgniter\CodeIgniter->runController(Object(App\Controllers\Login))
 4 SYSTEMPATH\CodeIgniter.php(368): CodeIgniter\CodeIgniter->handleRequest(null, Object(Config\Cache), false)
 5 FCPATH\index.php(67): CodeIgniter\CodeIgniter->run()
 6 SYSTEMPATH\Commands\Server\rewrite.php(47): require_once('FCPATH\\index.php')
CRITICAL - 2023-02-07 11:26:58 --> Too few arguments to function CodeIgniter\Validation\Validation::__construct(), 0 passed in C:\xampp\htdocs\daily_expences\app\Controllers\Login.php on line 18 and exactly 2 expected
in SYSTEMPATH\Validation\Validation.php on line 93.
 1 APPPATH\Controllers\Login.php(18): CodeIgniter\Validation\Validation->__construct()
 2 SYSTEMPATH\CodeIgniter.php(934): App\Controllers\Login->verify_login()
 3 SYSTEMPATH\CodeIgniter.php(499): CodeIgniter\CodeIgniter->runController(Object(App\Controllers\Login))
 4 SYSTEMPATH\CodeIgniter.php(368): CodeIgniter\CodeIgniter->handleRequest(null, Object(Config\Cache), false)
 5 FCPATH\index.php(67): CodeIgniter\CodeIgniter->run()
 6 SYSTEMPATH\Commands\Server\rewrite.php(47): require_once('FCPATH\\index.php')
CRITICAL - 2023-02-07 11:28:46 --> Too few arguments to function CodeIgniter\Validation\Validation::__construct(), 0 passed in C:\xampp\htdocs\daily_expences\app\Controllers\Login.php on line 18 and exactly 2 expected
in SYSTEMPATH\Validation\Validation.php on line 93.
 1 APPPATH\Controllers\Login.php(18): CodeIgniter\Validation\Validation->__construct()
 2 SYSTEMPATH\CodeIgniter.php(934): App\Controllers\Login->verify_login()
 3 SYSTEMPATH\CodeIgniter.php(499): CodeIgniter\CodeIgniter->runController(Object(App\Controllers\Login))
 4 SYSTEMPATH\CodeIgniter.php(368): CodeIgniter\CodeIgniter->handleRequest(null, Object(Config\Cache), false)
 5 FCPATH\index.php(67): CodeIgniter\CodeIgniter->run()
 6 SYSTEMPATH\Commands\Server\rewrite.php(47): require_once('FCPATH\\index.php')
CRITICAL - 2023-02-07 11:29:35 --> Undefined variable $validation
in APPPATH\Controllers\Login.php on line 29.
 1 APPPATH\Controllers\Login.php(29): CodeIgniter\Debug\Exceptions->errorHandler(2, 'Undefined variable $validation', 'APPPATH\\Controllers\\Login.php', 29)
 2 SYSTEMPATH\CodeIgniter.php(934): App\Controllers\Login->verify_login()
 3 SYSTEMPATH\CodeIgniter.php(499): CodeIgniter\CodeIgniter->runController(Object(App\Controllers\Login))
 4 SYSTEMPATH\CodeIgniter.php(368): CodeIgniter\CodeIgniter->handleRequest(null, Object(Config\Cache), false)
 5 FCPATH\index.php(67): CodeIgniter\CodeIgniter->run()
 6 SYSTEMPATH\Commands\Server\rewrite.php(47): require_once('FCPATH\\index.php')
CRITICAL - 2023-02-07 11:30:42 --> Too few arguments to function CodeIgniter\Validation\Validation::__construct(), 0 passed in C:\xampp\htdocs\daily_expences\app\Controllers\Login.php on line 18 and exactly 2 expected
in SYSTEMPATH\Validation\Validation.php on line 93.
 1 APPPATH\Controllers\Login.php(18): CodeIgniter\Validation\Validation->__construct()
 2 SYSTEMPATH\CodeIgniter.php(934): App\Controllers\Login->verify_login()
 3 SYSTEMPATH\CodeIgniter.php(499): CodeIgniter\CodeIgniter->runController(Object(App\Controllers\Login))
 4 SYSTEMPATH\CodeIgniter.php(368): CodeIgniter\CodeIgniter->handleRequest(null, Object(Config\Cache), false)
 5 FCPATH\index.php(67): CodeIgniter\CodeIgniter->run()
 6 SYSTEMPATH\Commands\Server\rewrite.php(47): require_once('FCPATH\\index.php')
CRITICAL - 2023-02-07 11:31:31 --> Too few arguments to function CodeIgniter\Validation\Validation::__construct(), 0 passed in C:\xampp\htdocs\daily_expences\app\Controllers\Login.php on line 18 and exactly 2 expected
in SYSTEMPATH\Validation\Validation.php on line 93.
 1 APPPATH\Controllers\Login.php(18): CodeIgniter\Validation\Validation->__construct()
 2 SYSTEMPATH\CodeIgniter.php(934): App\Controllers\Login->verify_login()
 3 SYSTEMPATH\CodeIgniter.php(499): CodeIgniter\CodeIgniter->runController(Object(App\Controllers\Login))
 4 SYSTEMPATH\CodeIgniter.php(368): CodeIgniter\CodeIgniter->handleRequest(null, Object(Config\Cache), false)
 5 FCPATH\index.php(67): CodeIgniter\CodeIgniter->run()
 6 SYSTEMPATH\Commands\Server\rewrite.php(47): require_once('FCPATH\\index.php')
CRITICAL - 2023-02-07 11:31:59 --> Too few arguments to function CodeIgniter\Validation\Validation::__construct(), 0 passed in C:\xampp\htdocs\daily_expences\app\Controllers\Login.php on line 18 and exactly 2 expected
in SYSTEMPATH\Validation\Validation.php on line 93.
 1 APPPATH\Controllers\Login.php(18): CodeIgniter\Validation\Validation->__construct()
 2 SYSTEMPATH\CodeIgniter.php(934): App\Controllers\Login->verify_login()
 3 SYSTEMPATH\CodeIgniter.php(499): CodeIgniter\CodeIgniter->runController(Object(App\Controllers\Login))
 4 SYSTEMPATH\CodeIgniter.php(368): CodeIgniter\CodeIgniter->handleRequest(null, Object(Config\Cache), false)
 5 FCPATH\index.php(67): CodeIgniter\CodeIgniter->run()
 6 SYSTEMPATH\Commands\Server\rewrite.php(47): require_once('FCPATH\\index.php')
CRITICAL - 2023-02-07 11:32:11 --> Too few arguments to function CodeIgniter\Validation\Validation::__construct(), 0 passed in C:\xampp\htdocs\daily_expences\app\Controllers\Login.php on line 18 and exactly 2 expected
in SYSTEMPATH\Validation\Validation.php on line 93.
 1 APPPATH\Controllers\Login.php(18): CodeIgniter\Validation\Validation->__construct()
 2 SYSTEMPATH\CodeIgniter.php(934): App\Controllers\Login->verify_login()
 3 SYSTEMPATH\CodeIgniter.php(499): CodeIgniter\CodeIgniter->runController(Object(App\Controllers\Login))
 4 SYSTEMPATH\CodeIgniter.php(368): CodeIgniter\CodeIgniter->handleRequest(null, Object(Config\Cache), false)
 5 FCPATH\index.php(67): CodeIgniter\CodeIgniter->run()
 6 SYSTEMPATH\Commands\Server\rewrite.php(47): require_once('FCPATH\\index.php')
CRITICAL - 2023-02-07 11:32:50 --> Too few arguments to function CodeIgniter\Validation\Validation::__construct(), 0 passed in C:\xampp\htdocs\daily_expences\app\Controllers\Login.php on line 18 and exactly 2 expected
in SYSTEMPATH\Validation\Validation.php on line 93.
 1 APPPATH\Controllers\Login.php(18): CodeIgniter\Validation\Validation->__construct()
 2 SYSTEMPATH\CodeIgniter.php(934): App\Controllers\Login->verify_login()
 3 SYSTEMPATH\CodeIgniter.php(499): CodeIgniter\CodeIgniter->runController(Object(App\Controllers\Login))
 4 SYSTEMPATH\CodeIgniter.php(368): CodeIgniter\CodeIgniter->handleRequest(null, Object(Config\Cache), false)
 5 FCPATH\index.php(67): CodeIgniter\CodeIgniter->run()
 6 SYSTEMPATH\Commands\Server\rewrite.php(47): require_once('FCPATH\\index.php')
CRITICAL - 2023-02-07 11:33:13 --> Too few arguments to function CodeIgniter\Validation\Validation::__construct(), 0 passed in C:\xampp\htdocs\daily_expences\app\Controllers\Login.php on line 18 and exactly 2 expected
in SYSTEMPATH\Validation\Validation.php on line 93.
 1 APPPATH\Controllers\Login.php(18): CodeIgniter\Validation\Validation->__construct()
 2 SYSTEMPATH\CodeIgniter.php(934): App\Controllers\Login->verify_login()
 3 SYSTEMPATH\CodeIgniter.php(499): CodeIgniter\CodeIgniter->runController(Object(App\Controllers\Login))
 4 SYSTEMPATH\CodeIgniter.php(368): CodeIgniter\CodeIgniter->handleRequest(null, Object(Config\Cache), false)
 5 FCPATH\index.php(67): CodeIgniter\CodeIgniter->run()
 6 SYSTEMPATH\Commands\Server\rewrite.php(47): require_once('FCPATH\\index.php')
CRITICAL - 2023-02-07 11:34:18 --> Too few arguments to function CodeIgniter\Validation\Validation::__construct(), 0 passed in C:\xampp\htdocs\daily_expences\app\Controllers\Login.php on line 18 and exactly 2 expected
in SYSTEMPATH\Validation\Validation.php on line 93.
 1 APPPATH\Controllers\Login.php(18): CodeIgniter\Validation\Validation->__construct()
 2 SYSTEMPATH\CodeIgniter.php(934): App\Controllers\Login->verify_login()
 3 SYSTEMPATH\CodeIgniter.php(499): CodeIgniter\CodeIgniter->runController(Object(App\Controllers\Login))
 4 SYSTEMPATH\CodeIgniter.php(368): CodeIgniter\CodeIgniter->handleRequest(null, Object(Config\Cache), false)
 5 FCPATH\index.php(67): CodeIgniter\CodeIgniter->run()
 6 SYSTEMPATH\Commands\Server\rewrite.php(47): require_once('FCPATH\\index.php')
CRITICAL - 2023-02-07 11:34:31 --> Too few arguments to function CodeIgniter\Validation\Validation::__construct(), 0 passed in C:\xampp\htdocs\daily_expences\app\Controllers\Login.php on line 18 and exactly 2 expected
in SYSTEMPATH\Validation\Validation.php on line 93.
 1 APPPATH\Controllers\Login.php(18): CodeIgniter\Validation\Validation->__construct()
 2 SYSTEMPATH\CodeIgniter.php(934): App\Controllers\Login->verify_login()
 3 SYSTEMPATH\CodeIgniter.php(499): CodeIgniter\CodeIgniter->runController(Object(App\Controllers\Login))
 4 SYSTEMPATH\CodeIgniter.php(368): CodeIgniter\CodeIgniter->handleRequest(null, Object(Config\Cache), false)
 5 FCPATH\index.php(67): CodeIgniter\CodeIgniter->run()
 6 SYSTEMPATH\Commands\Server\rewrite.php(47): require_once('FCPATH\\index.php')
CRITICAL - 2023-02-07 11:35:18 --> Undefined variable $validation
in APPPATH\Controllers\Login.php on line 30.
 1 APPPATH\Controllers\Login.php(30): CodeIgniter\Debug\Exceptions->errorHandler(2, 'Undefined variable $validation', 'APPPATH\\Controllers\\Login.php', 30)
 2 SYSTEMPATH\CodeIgniter.php(934): App\Controllers\Login->verify_login()
 3 SYSTEMPATH\CodeIgniter.php(499): CodeIgniter\CodeIgniter->runController(Object(App\Controllers\Login))
 4 SYSTEMPATH\CodeIgniter.php(368): CodeIgniter\CodeIgniter->handleRequest(null, Object(Config\Cache), false)
 5 FCPATH\index.php(67): CodeIgniter\CodeIgniter->run()
 6 SYSTEMPATH\Commands\Server\rewrite.php(47): require_once('FCPATH\\index.php')
CRITICAL - 2023-02-07 11:35:37 --> Undefined property: App\Controllers\Login::$validation
in APPPATH\Controllers\Login.php on line 30.
 1 APPPATH\Controllers\Login.php(30): CodeIgniter\Debug\Exceptions->errorHandler(2, 'Undefined property: App\\Controllers\\Login::$validation', 'APPPATH\\Controllers\\Login.php', 30)
 2 SYSTEMPATH\CodeIgniter.php(934): App\Controllers\Login->verify_login()
 3 SYSTEMPATH\CodeIgniter.php(499): CodeIgniter\CodeIgniter->runController(Object(App\Controllers\Login))
 4 SYSTEMPATH\CodeIgniter.php(368): CodeIgniter\CodeIgniter->handleRequest(null, Object(Config\Cache), false)
 5 FCPATH\index.php(67): CodeIgniter\CodeIgniter->run()
 6 SYSTEMPATH\Commands\Server\rewrite.php(47): require_once('FCPATH\\index.php')
CRITICAL - 2023-02-07 11:35:53 --> Call to undefined method App\Controllers\Login::validation()
in APPPATH\Controllers\Login.php on line 30.
 1 SYSTEMPATH\CodeIgniter.php(934): App\Controllers\Login->verify_login()
 2 SYSTEMPATH\CodeIgniter.php(499): CodeIgniter\CodeIgniter->runController(Object(App\Controllers\Login))
 3 SYSTEMPATH\CodeIgniter.php(368): CodeIgniter\CodeIgniter->handleRequest(null, Object(Config\Cache), false)
 4 FCPATH\index.php(67): CodeIgniter\CodeIgniter->run()
 5 SYSTEMPATH\Commands\Server\rewrite.php(47): require_once('FCPATH\\index.php')
CRITICAL - 2023-02-07 11:40:15 --> Too few arguments to function CodeIgniter\Validation\Validation::__construct(), 0 passed in C:\xampp\htdocs\daily_expences\app\Controllers\Login.php on line 23 and exactly 2 expected
in SYSTEMPATH\Validation\Validation.php on line 93.
 1 APPPATH\Controllers\Login.php(23): CodeIgniter\Validation\Validation->__construct()
 2 SYSTEMPATH\CodeIgniter.php(934): App\Controllers\Login->verify_login()
 3 SYSTEMPATH\CodeIgniter.php(499): CodeIgniter\CodeIgniter->runController(Object(App\Controllers\Login))
 4 SYSTEMPATH\CodeIgniter.php(368): CodeIgniter\CodeIgniter->handleRequest(null, Object(Config\Cache), false)
 5 FCPATH\index.php(67): CodeIgniter\CodeIgniter->run()
 6 SYSTEMPATH\Commands\Server\rewrite.php(47): require_once('FCPATH\\index.php')
CRITICAL - 2023-02-07 11:45:47 --> Call to undefined method CodeIgniter\Validation\Validation::rule()
in APPPATH\Controllers\Login.php on line 26.
 1 SYSTEMPATH\CodeIgniter.php(934): App\Controllers\Login->verify_login()
 2 SYSTEMPATH\CodeIgniter.php(499): CodeIgniter\CodeIgniter->runController(Object(App\Controllers\Login))
 3 SYSTEMPATH\CodeIgniter.php(368): CodeIgniter\CodeIgniter->handleRequest(null, Object(Config\Cache), false)
 4 FCPATH\index.php(67): CodeIgniter\CodeIgniter->run()
 5 SYSTEMPATH\Commands\Server\rewrite.php(47): require_once('FCPATH\\index.php')
CRITICAL - 2023-02-07 11:46:02 --> CodeIgniter\Validation\Validation::run(): Argument #1 ($data) must be of type ?array, string given, called in C:\xampp\htdocs\daily_expences\app\Controllers\Login.php on line 34
in SYSTEMPATH\Validation\Validation.php on line 110.
 1 APPPATH\Controllers\Login.php(34): CodeIgniter\Validation\Validation->run('r3@admin.com', '`111')
 2 SYSTEMPATH\CodeIgniter.php(934): App\Controllers\Login->verify_login()
 3 SYSTEMPATH\CodeIgniter.php(499): CodeIgniter\CodeIgniter->runController(Object(App\Controllers\Login))
 4 SYSTEMPATH\CodeIgniter.php(368): CodeIgniter\CodeIgniter->handleRequest(null, Object(Config\Cache), false)
 5 FCPATH\index.php(67): CodeIgniter\CodeIgniter->run()
 6 SYSTEMPATH\Commands\Server\rewrite.php(47): require_once('FCPATH\\index.php')
