CRITICAL - 2023-02-10 11:13:18 --> Object of class CodeIgniter\Validation\Validation could not be converted to string
in APPPATH\Controllers\Login.php on line 51.
 1 SYSTEMPATH\CodeIgniter.php(934): App\Controllers\Login->auth()
 2 SYSTEMPATH\CodeIgniter.php(499): CodeIgniter\CodeIgniter->runController(Object(App\Controllers\Login))
 3 SYSTEMPATH\CodeIgniter.php(368): CodeIgniter\CodeIgniter->handleRequest(null, Object(Config\Cache), false)
 4 FCPATH\index.php(67): CodeIgniter\CodeIgniter->run()
 5 SYSTEMPATH\Commands\Server\rewrite.php(47): require_once('FCPATH\\index.php')
CRITICAL - 2023-02-10 11:18:54 --> Undefined variable $error
in APPPATH\Controllers\Login.php on line 52.
 1 APPPATH\Controllers\Login.php(52): CodeIgniter\Debug\Exceptions->errorHandler(2, 'Undefined variable $error', 'APPPATH\\Controllers\\Login.php', 52)
 2 SYSTEMPATH\CodeIgniter.php(934): App\Controllers\Login->auth()
 3 SYSTEMPATH\CodeIgniter.php(499): CodeIgniter\CodeIgniter->runController(Object(App\Controllers\Login))
 4 SYSTEMPATH\CodeIgniter.php(368): CodeIgniter\CodeIgniter->handleRequest(null, Object(Config\Cache), false)
 5 FCPATH\index.php(67): CodeIgniter\CodeIgniter->run()
 6 SYSTEMPATH\Commands\Server\rewrite.php(47): require_once('FCPATH\\index.php')
CRITICAL - 2023-02-10 11:20:18 --> Attempt to read property "email" on array
in APPPATH\Controllers\Login.php on line 52.
 1 APPPATH\Controllers\Login.php(52): CodeIgniter\Debug\Exceptions->errorHandler(2, 'Attempt to read property "email" on array', 'APPPATH\\Controllers\\Login.php', 52)
 2 SYSTEMPATH\CodeIgniter.php(934): App\Controllers\Login->auth()
 3 SYSTEMPATH\CodeIgniter.php(499): CodeIgniter\CodeIgniter->runController(Object(App\Controllers\Login))
 4 SYSTEMPATH\CodeIgniter.php(368): CodeIgniter\CodeIgniter->handleRequest(null, Object(Config\Cache), false)
 5 FCPATH\index.php(67): CodeIgniter\CodeIgniter->run()
 6 SYSTEMPATH\Commands\Server\rewrite.php(47): require_once('FCPATH\\index.php')
CRITICAL - 2023-02-10 11:21:01 --> Call to a member function listErrors() on array
in APPPATH\Controllers\Login.php on line 52.
 1 SYSTEMPATH\CodeIgniter.php(934): App\Controllers\Login->auth()
 2 SYSTEMPATH\CodeIgniter.php(499): CodeIgniter\CodeIgniter->runController(Object(App\Controllers\Login))
 3 SYSTEMPATH\CodeIgniter.php(368): CodeIgniter\CodeIgniter->handleRequest(null, Object(Config\Cache), false)
 4 FCPATH\index.php(67): CodeIgniter\CodeIgniter->run()
 5 SYSTEMPATH\Commands\Server\rewrite.php(47): require_once('FCPATH\\index.php')
CRITICAL - 2023-02-10 11:25:18 --> Cannot use isset() on the result of an expression (you can use "null !== expression" instead)
in APPPATH\Controllers\Login.php on line 51.
 1 [internal function]: CodeIgniter\Debug\Exceptions->shutdownHandler()
CRITICAL - 2023-02-10 11:28:40 --> Undefined variable $session
in APPPATH\Controllers\Login.php on line 50.
 1 APPPATH\Controllers\Login.php(50): CodeIgniter\Debug\Exceptions->errorHandler(2, 'Undefined variable $session', 'APPPATH\\Controllers\\Login.php', 50)
 2 SYSTEMPATH\CodeIgniter.php(934): App\Controllers\Login->auth()
 3 SYSTEMPATH\CodeIgniter.php(499): CodeIgniter\CodeIgniter->runController(Object(App\Controllers\Login))
 4 SYSTEMPATH\CodeIgniter.php(368): CodeIgniter\CodeIgniter->handleRequest(null, Object(Config\Cache), false)
 5 FCPATH\index.php(67): CodeIgniter\CodeIgniter->run()
 6 SYSTEMPATH\Commands\Server\rewrite.php(47): require_once('FCPATH\\index.php')
CRITICAL - 2023-02-10 11:32:08 --> Object of class CodeIgniter\Validation\Validation could not be converted to string
in APPPATH\Controllers\Login.php on line 50.
 1 SYSTEMPATH\CodeIgniter.php(934): App\Controllers\Login->auth()
 2 SYSTEMPATH\CodeIgniter.php(499): CodeIgniter\CodeIgniter->runController(Object(App\Controllers\Login))
 3 SYSTEMPATH\CodeIgniter.php(368): CodeIgniter\CodeIgniter->handleRequest(null, Object(Config\Cache), false)
 4 FCPATH\index.php(67): CodeIgniter\CodeIgniter->run()
 5 SYSTEMPATH\Commands\Server\rewrite.php(47): require_once('FCPATH\\index.php')
CRITICAL - 2023-02-10 11:34:42 --> Object of class CodeIgniter\Validation\Validation could not be converted to string
in APPPATH\Controllers\Login.php on line 52.
 1 SYSTEMPATH\CodeIgniter.php(934): App\Controllers\Login->auth()
 2 SYSTEMPATH\CodeIgniter.php(499): CodeIgniter\CodeIgniter->runController(Object(App\Controllers\Login))
 3 SYSTEMPATH\CodeIgniter.php(368): CodeIgniter\CodeIgniter->handleRequest(null, Object(Config\Cache), false)
 4 FCPATH\index.php(67): CodeIgniter\CodeIgniter->run()
 5 SYSTEMPATH\Commands\Server\rewrite.php(47): require_once('FCPATH\\index.php')
CRITICAL - 2023-02-10 11:36:11 --> Undefined constant "Validation"
in APPPATH\Views\login_page.php on line 29.
 1 SYSTEMPATH\View\View.php(213): include()
 2 SYSTEMPATH\View\View.php(216): CodeIgniter\View\View->CodeIgniter\View\{closure}()
 3 SYSTEMPATH\Common.php(1177): CodeIgniter\View\View->render('login_page', [], true)
 4 APPPATH\Controllers\Login.php(18): view('login_page')
 5 SYSTEMPATH\CodeIgniter.php(934): App\Controllers\Login->index()
 6 SYSTEMPATH\CodeIgniter.php(499): CodeIgniter\CodeIgniter->runController(Object(App\Controllers\Login))
 7 SYSTEMPATH\CodeIgniter.php(368): CodeIgniter\CodeIgniter->handleRequest(null, Object(Config\Cache), false)
 8 FCPATH\index.php(67): CodeIgniter\CodeIgniter->run()
 9 SYSTEMPATH\Commands\Server\rewrite.php(47): require_once('FCPATH\\index.php')
CRITICAL - 2023-02-10 12:32:16 --> Undefined variable $validation
in APPPATH\Views\login_page.php on line 29.
 1 APPPATH\Views\login_page.php(29): CodeIgniter\Debug\Exceptions->errorHandler(2, 'Undefined variable $validation', 'APPPATH\\Views\\login_page.php', 29)
 2 SYSTEMPATH\View\View.php(213): include('APPPATH\\Views\\login_page.php')
 3 SYSTEMPATH\View\View.php(216): CodeIgniter\View\View->CodeIgniter\View\{closure}()
 4 SYSTEMPATH\Common.php(1177): CodeIgniter\View\View->render('login_page', [], true)
 5 APPPATH\Controllers\Login.php(18): view('login_page')
 6 SYSTEMPATH\CodeIgniter.php(934): App\Controllers\Login->index()
 7 SYSTEMPATH\CodeIgniter.php(499): CodeIgniter\CodeIgniter->runController(Object(App\Controllers\Login))
 8 SYSTEMPATH\CodeIgniter.php(368): CodeIgniter\CodeIgniter->handleRequest(null, Object(Config\Cache), false)
 9 FCPATH\index.php(67): CodeIgniter\CodeIgniter->run()
10 SYSTEMPATH\Commands\Server\rewrite.php(47): require_once('FCPATH\\index.php')
CRITICAL - 2023-02-10 12:35:18 --> Undefined variable $validation
in APPPATH\Controllers\Login.php on line 53.
 1 APPPATH\Controllers\Login.php(53): CodeIgniter\Debug\Exceptions->errorHandler(2, 'Undefined variable $validation', 'APPPATH\\Controllers\\Login.php', 53)
 2 SYSTEMPATH\CodeIgniter.php(934): App\Controllers\Login->auth()
 3 SYSTEMPATH\CodeIgniter.php(499): CodeIgniter\CodeIgniter->runController(Object(App\Controllers\Login))
 4 SYSTEMPATH\CodeIgniter.php(368): CodeIgniter\CodeIgniter->handleRequest(null, Object(Config\Cache), false)
 5 FCPATH\index.php(67): CodeIgniter\CodeIgniter->run()
 6 SYSTEMPATH\Commands\Server\rewrite.php(47): require_once('FCPATH\\index.php')
CRITICAL - 2023-02-10 12:36:08 --> Undefined variable $validation
in APPPATH\Views\login_page.php on line 31.
 1 APPPATH\Views\login_page.php(31): CodeIgniter\Debug\Exceptions->errorHandler(2, 'Undefined variable $validation', 'APPPATH\\Views\\login_page.php', 31)
 2 SYSTEMPATH\View\View.php(213): include('APPPATH\\Views\\login_page.php')
 3 SYSTEMPATH\View\View.php(216): CodeIgniter\View\View->CodeIgniter\View\{closure}()
 4 SYSTEMPATH\Common.php(1177): CodeIgniter\View\View->render('login_page', [], true)
 5 APPPATH\Controllers\Login.php(18): view('login_page')
 6 SYSTEMPATH\CodeIgniter.php(934): App\Controllers\Login->index()
 7 SYSTEMPATH\CodeIgniter.php(499): CodeIgniter\CodeIgniter->runController(Object(App\Controllers\Login))
 8 SYSTEMPATH\CodeIgniter.php(368): CodeIgniter\CodeIgniter->handleRequest(null, Object(Config\Cache), false)
 9 FCPATH\index.php(67): CodeIgniter\CodeIgniter->run()
10 SYSTEMPATH\Commands\Server\rewrite.php(47): require_once('FCPATH\\index.php')
CRITICAL - 2023-02-10 12:36:56 --> Call to undefined method CodeIgniter\Validation\Validation::list_error()
in APPPATH\Views\login_page.php on line 31.
 1 SYSTEMPATH\View\View.php(213): include()
 2 SYSTEMPATH\View\View.php(216): CodeIgniter\View\View->CodeIgniter\View\{closure}()
 3 SYSTEMPATH\Common.php(1177): CodeIgniter\View\View->render('login_page', [], true)
 4 APPPATH\Controllers\Login.php(18): view('login_page')
 5 SYSTEMPATH\CodeIgniter.php(934): App\Controllers\Login->index()
 6 SYSTEMPATH\CodeIgniter.php(499): CodeIgniter\CodeIgniter->runController(Object(App\Controllers\Login))
 7 SYSTEMPATH\CodeIgniter.php(368): CodeIgniter\CodeIgniter->handleRequest(null, Object(Config\Cache), false)
 8 FCPATH\index.php(67): CodeIgniter\CodeIgniter->run()
 9 SYSTEMPATH\Commands\Server\rewrite.php(47): require_once('FCPATH\\index.php')
CRITICAL - 2023-02-10 13:05:24 --> syntax error, unexpected token "=", expecting "]"
in APPPATH\Controllers\Login.php on line 46.
 1 SYSTEMPATH\Autoloader\Autoloader.php(289): CodeIgniter\Autoloader\Autoloader->includeFile('APPPATH\\Controllers\\Login.php')
 2 SYSTEMPATH\Autoloader\Autoloader.php(267): CodeIgniter\Autoloader\Autoloader->loadInNamespace('App\\Controllers\\Login')
 3 [internal function]: CodeIgniter\Autoloader\Autoloader->loadClass('App\\Controllers\\Login')
 4 SYSTEMPATH\CodeIgniter.php(892): class_exists('\\App\\Controllers\\Login', true)
 5 SYSTEMPATH\CodeIgniter.php(486): CodeIgniter\CodeIgniter->startController()
 6 SYSTEMPATH\CodeIgniter.php(368): CodeIgniter\CodeIgniter->handleRequest(null, Object(Config\Cache), false)
 7 FCPATH\index.php(67): CodeIgniter\CodeIgniter->run()
 8 SYSTEMPATH\Commands\Server\rewrite.php(47): require_once('FCPATH\\index.php')
CRITICAL - 2023-02-10 13:06:18 --> syntax error, unexpected token "endif", expecting end of file
in APPPATH\Views\login_page.php on line 40.
 1 SYSTEMPATH\View\View.php(216): CodeIgniter\View\View->CodeIgniter\View\{closure}()
 2 SYSTEMPATH\Common.php(1177): CodeIgniter\View\View->render('login_page', [], true)
 3 APPPATH\Controllers\Login.php(18): view('login_page')
 4 SYSTEMPATH\CodeIgniter.php(934): App\Controllers\Login->index()
 5 SYSTEMPATH\CodeIgniter.php(499): CodeIgniter\CodeIgniter->runController(Object(App\Controllers\Login))
 6 SYSTEMPATH\CodeIgniter.php(368): CodeIgniter\CodeIgniter->handleRequest(null, Object(Config\Cache), false)
 7 FCPATH\index.php(67): CodeIgniter\CodeIgniter->run()
 8 SYSTEMPATH\Commands\Server\rewrite.php(47): require_once('FCPATH\\index.php')
